Using pre-set license
Built from '2020.3/staging' branch; Version is '2020.3.16f1 (049d6eca3c44) revision 302446'; Using compiler version '192528614'; Build Type 'Release'
OS: 'Windows 10 Pro; OS build 19043.1526; Version 2009; 64bit' Language: 'en' Physical Memory: 16336 MB
BatchMode: 1, IsHumanControllingUs: 0, StartBugReporterOnCrash: 0, Is64bit: 1, IsPro: 0

 COMMAND LINE ARGUMENTS:
D:\Unity Editors\2020.3.16f1\Editor\Unity.exe
-adb2
-batchMode
-noUpm
-name
AssetImportWorker0
-projectPath
D:/Unity Projects/Autumn's Quest
-logFile
Logs/AssetImportWorker0.log
-srvPort
60049
Successfully changed project path to: D:/Unity Projects/Autumn's Quest
D:/Unity Projects/Autumn's Quest
Using Asset Import Pipeline V2.
Refreshing native plugins compatible for Editor in 35.84 ms, found 2 plugins.
Preloading 0 native plugins for Editor in 0.00 ms.
Initialize engine version: 2020.3.16f1 (049d6eca3c44)
[Subsystems] Discovering subsystems at path D:/Unity Editors/2020.3.16f1/Editor/Data/Resources/UnitySubsystems
[Subsystems] Discovering subsystems at path D:/Unity Projects/Autumn's Quest/Assets
GfxDevice: creating device client; threaded=0
Direct3D:
    Version:  Direct3D 11.0 [level 11.1]
    Renderer: NVIDIA GeForce RTX 2070 SUPER (ID=0x1e84)
    Vendor:   
    VRAM:     8011 MB
    Driver:   30.0.14.7247
Initialize mono
Mono path[0] = 'D:/Unity Editors/2020.3.16f1/Editor/Data/Managed'
Mono path[1] = 'D:/Unity Editors/2020.3.16f1/Editor/Data/MonoBleedingEdge/lib/mono/unityjit'
Mono config path = 'D:/Unity Editors/2020.3.16f1/Editor/Data/MonoBleedingEdge/etc'
Using monoOptions --debugger-agent=transport=dt_socket,embedding=1,server=y,suspend=n,address=127.0.0.1:56484
Begin MonoManager ReloadAssembly
Registering precompiled unity dll's ...
Register platform support module: D:/Unity Editors/2020.3.16f1/Editor/Data/PlaybackEngines/WindowsStandaloneSupport/UnityEditor.WindowsStandalone.Extensions.dll
Registered in 0.000986 seconds.
Native extension for WindowsStandalone target not found
Refreshing native plugins compatible for Editor in 35.36 ms, found 2 plugins.
Preloading 0 native plugins for Editor in 0.00 ms.
Mono: successfully reloaded assembly
- Completed reload, in  2.036 seconds
Domain Reload Profiling:
	ReloadAssembly (2036ms)
		BeginReloadAssembly (57ms)
			ExecutionOrderSort (0ms)
			DisableScriptedObjects (0ms)
			BackupInstance (0ms)
			ReleaseScriptingObjects (0ms)
			CreateAndSetChildDomain (1ms)
		EndReloadAssembly (337ms)
			LoadAssemblies (57ms)
			RebuildTransferFunctionScriptingTraits (0ms)
			SetupTypeCache (120ms)
			ReleaseScriptCaches (0ms)
			RebuildScriptCaches (26ms)
			SetupLoadedEditorAssemblies (135ms)
				LogAssemblyErrors (0ms)
				InitializePlatformSupportModulesInManaged (3ms)
				SetLoadedEditorAssemblies (0ms)
				RefreshPlugins (35ms)
				BeforeProcessingInitializeOnLoad (14ms)
				ProcessInitializeOnLoadAttributes (61ms)
				ProcessInitializeOnLoadMethodAttributes (22ms)
				AfterProcessingInitializeOnLoad (0ms)
				EditorAssembliesLoaded (0ms)
			ExecutionOrderSort2 (0ms)
			AwakeInstancesAfterBackupRestoration (0ms)
Platform modules already initialized, skipping
Registering precompiled user dll's ...
Registered in 0.003391 seconds.
Begin MonoManager ReloadAssembly
Native extension for WindowsStandalone target not found
Refreshing native plugins compatible for Editor in 35.03 ms, found 2 plugins.
Preloading 0 native plugins for Editor in 0.00 ms.
Mono: successfully reloaded assembly
- Completed reload, in  0.978 seconds
Domain Reload Profiling:
	ReloadAssembly (979ms)
		BeginReloadAssembly (131ms)
			ExecutionOrderSort (0ms)
			DisableScriptedObjects (4ms)
			BackupInstance (0ms)
			ReleaseScriptingObjects (0ms)
			CreateAndSetChildDomain (16ms)
		EndReloadAssembly (799ms)
			LoadAssemblies (91ms)
			RebuildTransferFunctionScriptingTraits (0ms)
			SetupTypeCache (240ms)
			ReleaseScriptCaches (0ms)
			RebuildScriptCaches (38ms)
			SetupLoadedEditorAssemblies (341ms)
				LogAssemblyErrors (0ms)
				InitializePlatformSupportModulesInManaged (3ms)
				SetLoadedEditorAssemblies (0ms)
				RefreshPlugins (35ms)
				BeforeProcessingInitializeOnLoad (61ms)
				ProcessInitializeOnLoadAttributes (236ms)
				ProcessInitializeOnLoadMethodAttributes (3ms)
				AfterProcessingInitializeOnLoad (2ms)
				EditorAssembliesLoaded (0ms)
			ExecutionOrderSort2 (0ms)
			AwakeInstancesAfterBackupRestoration (5ms)
Platform modules already initialized, skipping
========================================================================
Worker process is ready to serve import requests
Launched and connected shader compiler UnityShaderCompiler.exe after 0.04 seconds
Refreshing native plugins compatible for Editor in 0.43 ms, found 2 plugins.
Preloading 0 native plugins for Editor in 0.00 ms.
Unloading 2200 Unused Serialized files (Serialized files now loaded: 0)
System memory in use before: 89.9 MB.
System memory in use after: 90.0 MB.

Unloading 19 unused Assets to reduce memory usage. Loaded Objects now: 2636.
Total: 3.510600 ms (FindLiveObjects: 0.181100 ms CreateObjectMapping: 0.049800 ms MarkObjects: 3.199200 ms  DeleteObjects: 0.079600 ms)

AssetImportParameters requested are different than current active one (requested -> active):
  custom:framework-win-MediaFoundation: 216162199b28c13a410421893ffa2e32 -> 
  custom:video-decoder-ogg-theora: a1e56fd34408186e4bbccfd4996cb3dc -> 
  custom:container-muxer-webm: aa71ff27fc2769a1b78a27578f13a17b -> 
  custom:container-demuxer-webm: 4f35f7cbe854078d1ac9338744f61a02 -> 
  custom:container-demuxer-ogg: 62fdf1f143b41e24485cea50d1cbac27 -> 
  custom:video-encoder-webm-vp8: eb34c28f22e8b96e1ab97ce403110664 -> 
  custom:video-decoder-webm-vp8: 9c59270c3fd7afecdb556c50c9e8de78 -> 
  custom:audio-decoder-ogg-vorbis: bf7c407c2cedff20999df2af8eb42d56 -> 
  custom:audio-encoder-webm-vorbis: bf7c407c2cedff20999df2af8eb42d56 -> 
========================================================================
Received Import Request.
  path: Assets/Carbie/Texture Blend.shader
  artifactKey: Guid(bb013dcb836f6ad4185828aed2c95656) Importer(815301076,1909f56bfc062723c751e8b465ee728b)
Start importing Assets/Carbie/Texture Blend.shader using Guid(bb013dcb836f6ad4185828aed2c95656) Importer(815301076,1909f56bfc062723c751e8b465ee728b)  -> (artifact id: '33821dba5d18242cf3a5fd079d0513e0') in 0.028270 seconds 
  Import took 0.031369 seconds .

========================================================================
Received Import Request.
  Time since last request: 1.780982 seconds.
  path: Assets/Carbie/Carbie 2.mat
  artifactKey: Guid(f737bac930f6f824b8a5f83ce041a059) Importer(815301076,1909f56bfc062723c751e8b465ee728b)
Start importing Assets/Carbie/Carbie 2.mat using Guid(f737bac930f6f824b8a5f83ce041a059) Importer(815301076,1909f56bfc062723c751e8b465ee728b)  -> (artifact id: '09bbc623d0edc1daad12e8fd806cff09') in 0.068186 seconds 
  Import took 0.071655 seconds .

========================================================================
Received Import Request.
  Time since last request: 39.602319 seconds.
  path: Assets/Carbie/Texture Blend.shader
  artifactKey: Guid(bb013dcb836f6ad4185828aed2c95656) Importer(815301076,1909f56bfc062723c751e8b465ee728b)
Start importing Assets/Carbie/Texture Blend.shader using Guid(bb013dcb836f6ad4185828aed2c95656) Importer(815301076,1909f56bfc062723c751e8b465ee728b)  -> (artifact id: 'f759256443eb1d1e35ae0540cca3ada7') in 0.001983 seconds 
  Import took 0.006431 seconds .

========================================================================
Received Import Request.
  Time since last request: 12.700686 seconds.
  path: Assets/Carbie/Belly.png
  artifactKey: Guid(47e428b268b7f2b4582d3c348cb4d2e5) Importer(815301076,1909f56bfc062723c751e8b465ee728b)
Start importing Assets/Carbie/Belly.png using Guid(47e428b268b7f2b4582d3c348cb4d2e5) Importer(815301076,1909f56bfc062723c751e8b465ee728b)  -> (artifact id: '48816c35de799b55c3b64b98cd59128b') in 0.026452 seconds 
  Import took 0.029979 seconds .

========================================================================
Received Import Request.
  Time since last request: 833.431293 seconds.
  path: Assets/Carbie/Belly 2.png
  artifactKey: Guid(d603a0a750c91a541a42b4e8dbe84172) Importer(815301076,1909f56bfc062723c751e8b465ee728b)
Start importing Assets/Carbie/Belly 2.png using Guid(d603a0a750c91a541a42b4e8dbe84172) Importer(815301076,1909f56bfc062723c751e8b465ee728b)  -> (artifact id: 'd7752052f3720bcd0c226173f93a1d58') in 0.018539 seconds 
  Import took 0.022167 seconds .

========================================================================
Received Import Request.
  Time since last request: 136.935015 seconds.
  path: Assets/Carbie/Carbie Overlay.mat
  artifactKey: Guid(f737bac930f6f824b8a5f83ce041a059) Importer(815301076,1909f56bfc062723c751e8b465ee728b)
Start importing Assets/Carbie/Carbie Overlay.mat using Guid(f737bac930f6f824b8a5f83ce041a059) Importer(815301076,1909f56bfc062723c751e8b465ee728b)  -> (artifact id: 'd1f0d200e9af98a3758f963988006fd6') in 0.015941 seconds 
  Import took 0.019743 seconds .

========================================================================
Received Import Request.
  Time since last request: 7.737287 seconds.
  path: Assets/Carbie/Belly 2.png
  artifactKey: Guid(d603a0a750c91a541a42b4e8dbe84172) Importer(815301076,1909f56bfc062723c751e8b465ee728b)
Start importing Assets/Carbie/Belly 2.png using Guid(d603a0a750c91a541a42b4e8dbe84172) Importer(815301076,1909f56bfc062723c751e8b465ee728b)  -> (artifact id: 'cf33b39769e84dbc3366408be10c7427') in 0.009642 seconds 
  Import took 0.013140 seconds .

========================================================================
Received Import Request.
  Time since last request: 2.961929 seconds.
  path: Assets/Carbie/Belly 2.png
  artifactKey: Guid(d603a0a750c91a541a42b4e8dbe84172) Importer(815301076,1909f56bfc062723c751e8b465ee728b)
Start importing Assets/Carbie/Belly 2.png using Guid(d603a0a750c91a541a42b4e8dbe84172) Importer(815301076,1909f56bfc062723c751e8b465ee728b)  -> (artifact id: 'c4ac9a6d905681c42444a0292bf0579d') in 0.009412 seconds 
  Import took 0.013101 seconds .

========================================================================
Received Import Request.
  Time since last request: 48.376119 seconds.
  path: Assets/Carbie/Texture Blend.shader
  artifactKey: Guid(bb013dcb836f6ad4185828aed2c95656) Importer(815301076,1909f56bfc062723c751e8b465ee728b)
Start importing Assets/Carbie/Texture Blend.shader using Guid(bb013dcb836f6ad4185828aed2c95656) Importer(815301076,1909f56bfc062723c751e8b465ee728b)  -> (artifact id: 'd32342def69e371a7f7efa165df57df6') in 0.001733 seconds 
  Import took 0.005211 seconds .

========================================================================
Received Import Request.
  Time since last request: 9.335345 seconds.
  path: Assets/Carbie/Unused
  artifactKey: Guid(e0983a8c6d6dfab438267ec34ebdcdc3) Importer(815301076,1909f56bfc062723c751e8b465ee728b)
Start importing Assets/Carbie/Unused using Guid(e0983a8c6d6dfab438267ec34ebdcdc3) Importer(815301076,1909f56bfc062723c751e8b465ee728b)  -> (artifact id: '9f814224601461e9d186dba84197e704') in 0.001580 seconds 
  Import took 0.004686 seconds .

========================================================================
Received Import Request.
  Time since last request: 5.335983 seconds.
  path: Assets/Carbie/Belly.png
  artifactKey: Guid(d603a0a750c91a541a42b4e8dbe84172) Importer(815301076,1909f56bfc062723c751e8b465ee728b)
Start importing Assets/Carbie/Belly.png using Guid(d603a0a750c91a541a42b4e8dbe84172) Importer(815301076,1909f56bfc062723c751e8b465ee728b)  -> (artifact id: '94522c225b52be328bb2d897e4689766') in 0.009817 seconds 
  Import took 0.013430 seconds .

========================================================================
Received Import Request.
  Time since last request: 2258.336434 seconds.
  path: Assets/Carbie/Carbie Overlay.mat
  artifactKey: Guid(f737bac930f6f824b8a5f83ce041a059) Importer(815301076,1909f56bfc062723c751e8b465ee728b)
Start importing Assets/Carbie/Carbie Overlay.mat using Guid(f737bac930f6f824b8a5f83ce041a059) Importer(815301076,1909f56bfc062723c751e8b465ee728b)  -> (artifact id: '92612dee048c0191b6a6c2571f632e17') in 0.021014 seconds 
  Import took 0.024768 seconds .

========================================================================
Received Import Request.
  Time since last request: 10.311204 seconds.
  path: Assets/Carbie/Statue.bmp
  artifactKey: Guid(8f74f7f1d0ea08648b51c430378c99f3) Importer(815301076,1909f56bfc062723c751e8b465ee728b)
Start importing Assets/Carbie/Statue.bmp using Guid(8f74f7f1d0ea08648b51c430378c99f3) Importer(815301076,1909f56bfc062723c751e8b465ee728b)  -> (artifact id: '847ab351f9331f565994197fc5886bd9') in 0.053046 seconds 
  Import took 0.056545 seconds .

========================================================================
Received Import Request.
  Time since last request: 13.245704 seconds.
  path: Assets/Carbie/Texture Blend.shader
  artifactKey: Guid(bb013dcb836f6ad4185828aed2c95656) Importer(815301076,1909f56bfc062723c751e8b465ee728b)
Start importing Assets/Carbie/Texture Blend.shader using Guid(bb013dcb836f6ad4185828aed2c95656) Importer(815301076,1909f56bfc062723c751e8b465ee728b)  -> (artifact id: 'aa3a942ee982eb8b218be09d5ca3298a') in 0.001787 seconds 
  Import took 0.005060 seconds .

========================================================================
Received Import Request.
  Time since last request: 3.126913 seconds.
  path: Assets/Carbie/Extra Materials/Carbie 2.mat
  artifactKey: Guid(66db79092d0fd104387588e7130fac98) Importer(815301076,1909f56bfc062723c751e8b465ee728b)
Start importing Assets/Carbie/Extra Materials/Carbie 2.mat using Guid(66db79092d0fd104387588e7130fac98) Importer(815301076,1909f56bfc062723c751e8b465ee728b)  -> (artifact id: '154bcaf8efb8785f5525d291ec54cac0') in 0.015718 seconds 
  Import took 0.019248 seconds .

========================================================================
Received Import Request.
  Time since last request: 0.000202 seconds.
  path: Assets/Carbie/Extra Materials/Carbie 3.mat
  artifactKey: Guid(74ad41bd2153f644298f2d5f64b0785f) Importer(815301076,1909f56bfc062723c751e8b465ee728b)
Start importing Assets/Carbie/Extra Materials/Carbie 3.mat using Guid(74ad41bd2153f644298f2d5f64b0785f) Importer(815301076,1909f56bfc062723c751e8b465ee728b)  -> (artifact id: '32cea0c2ed7c05fb83b650d345ffab2d') in 0.011314 seconds 
  Import took 0.014524 seconds .

========================================================================
Received Import Request.
  Time since last request: 0.000208 seconds.
  path: Assets/Carbie/Extra Materials/Carbie 6.mat
  artifactKey: Guid(c55048469ba4a08438ffbbe4ce7a7974) Importer(815301076,1909f56bfc062723c751e8b465ee728b)
Start importing Assets/Carbie/Extra Materials/Carbie 6.mat using Guid(c55048469ba4a08438ffbbe4ce7a7974) Importer(815301076,1909f56bfc062723c751e8b465ee728b)  -> (artifact id: '147de33d2462385842637d8304363346') in 0.012098 seconds 
  Import took 0.015361 seconds .

========================================================================
Received Import Request.
  Time since last request: 0.000191 seconds.
  path: Assets/Carbie/Extra Materials/Carbie 3.mat
  artifactKey: Guid(74ad41bd2153f644298f2d5f64b0785f) Importer(815301076,1909f56bfc062723c751e8b465ee728b)
Start importing Assets/Carbie/Extra Materials/Carbie 3.mat using Guid(74ad41bd2153f644298f2d5f64b0785f) Importer(815301076,1909f56bfc062723c751e8b465ee728b)  -> (artifact id: '32cea0c2ed7c05fb83b650d345ffab2d') in 0.009759 seconds 
  Import took 0.012570 seconds .

========================================================================
Received Import Request.
  Time since last request: 0.000191 seconds.
  path: Assets/Carbie/Extra Materials/Carbie 4.mat
  artifactKey: Guid(709c66a940ed98a40b6315b4da11e69c) Importer(815301076,1909f56bfc062723c751e8b465ee728b)
Start importing Assets/Carbie/Extra Materials/Carbie 4.mat using Guid(709c66a940ed98a40b6315b4da11e69c) Importer(815301076,1909f56bfc062723c751e8b465ee728b)  -> (artifact id: '84f6a14a445b9c754ca17b2470e4d957') in 0.010676 seconds 
  Import took 0.013757 seconds .

========================================================================
Received Import Request.
  Time since last request: 0.000212 seconds.
  path: Assets/Carbie/Extra Materials/Carbie 5.mat
  artifactKey: Guid(7fc0521db43984c409370d1d15a661e6) Importer(815301076,1909f56bfc062723c751e8b465ee728b)
Start importing Assets/Carbie/Extra Materials/Carbie 5.mat using Guid(7fc0521db43984c409370d1d15a661e6) Importer(815301076,1909f56bfc062723c751e8b465ee728b)  -> (artifact id: '5c86828d73268423c8d006c143200c5a') in 0.010455 seconds 
  Import took 0.014005 seconds .

========================================================================
Received Import Request.
  Time since last request: 0.001628 seconds.
  path: Assets/Carbie/Extra Materials/Carbie 5.mat
  artifactKey: Guid(7fc0521db43984c409370d1d15a661e6) Importer(815301076,1909f56bfc062723c751e8b465ee728b)
Start importing Assets/Carbie/Extra Materials/Carbie 5.mat using Guid(7fc0521db43984c409370d1d15a661e6) Importer(815301076,1909f56bfc062723c751e8b465ee728b)  -> (artifact id: '5c86828d73268423c8d006c143200c5a') in 0.009337 seconds 
  Import took 0.012144 seconds .

========================================================================
Received Prepare
Registering precompiled user dll's ...
Registered in 0.003635 seconds.
Begin MonoManager ReloadAssembly
Native extension for WindowsStandalone target not found
Refreshing native plugins compatible for Editor in 0.44 ms, found 2 plugins.
Preloading 0 native plugins for Editor in 0.00 ms.
Mono: successfully reloaded assembly
- Completed reload, in  0.930 seconds
Domain Reload Profiling:
	ReloadAssembly (932ms)
		BeginReloadAssembly (152ms)
			ExecutionOrderSort (0ms)
			DisableScriptedObjects (9ms)
			BackupInstance (0ms)
			ReleaseScriptingObjects (0ms)
			CreateAndSetChildDomain (64ms)
		EndReloadAssembly (729ms)
			LoadAssemblies (87ms)
			RebuildTransferFunctionScriptingTraits (0ms)
			SetupTypeCache (240ms)
			ReleaseScriptCaches (1ms)
			RebuildScriptCaches (32ms)
			SetupLoadedEditorAssemblies (302ms)
				LogAssemblyErrors (0ms)
				InitializePlatformSupportModulesInManaged (4ms)
				SetLoadedEditorAssemblies (0ms)
				RefreshPlugins (0ms)
				BeforeProcessingInitializeOnLoad (62ms)
				ProcessInitializeOnLoadAttributes (230ms)
				ProcessInitializeOnLoadMethodAttributes (3ms)
				AfterProcessingInitializeOnLoad (2ms)
				EditorAssembliesLoaded (0ms)
			ExecutionOrderSort2 (0ms)
			AwakeInstancesAfterBackupRestoration (5ms)
Platform modules already initialized, skipping
Switching build target platform(19) subTarget(0) extendedPlatform(0) -> platform(13) subTarget(537395200) extendedPlatform(0)
Refreshing native plugins compatible for Editor in 0.48 ms, found 2 plugins.
Preloading 0 native plugins for Editor in 0.00 ms.
Unloading 2190 Unused Serialized files (Serialized files now loaded: 0)
System memory in use before: 92.1 MB.
System memory in use after: 92.2 MB.

Unloading 14 unused Assets to reduce memory usage. Loaded Objects now: 2681.
Total: 2.922600 ms (FindLiveObjects: 0.188400 ms CreateObjectMapping: 0.049600 ms MarkObjects: 2.669900 ms  DeleteObjects: 0.013900 ms)

AssetImportParameters requested are different than current active one (requested -> active):
  custom:framework-win-MediaFoundation: 216162199b28c13a410421893ffa2e32 -> 
  custom:video-decoder-ogg-theora: a1e56fd34408186e4bbccfd4996cb3dc -> 
  custom:container-muxer-webm: aa71ff27fc2769a1b78a27578f13a17b -> 
  custom:container-demuxer-webm: 4f35f7cbe854078d1ac9338744f61a02 -> 
  custom:container-demuxer-ogg: 62fdf1f143b41e24485cea50d1cbac27 -> 
  custom:video-encoder-webm-vp8: eb34c28f22e8b96e1ab97ce403110664 -> 
  custom:video-decoder-webm-vp8: 9c59270c3fd7afecdb556c50c9e8de78 -> 
  custom:graphics/normal-map-encoding: 01000000000000000000000000000000 -> 02000000000000000000000000000000
  custom:audio-decoder-ogg-vorbis: bf7c407c2cedff20999df2af8eb42d56 -> 
  custom:audio-encoder-webm-vorbis: bf7c407c2cedff20999df2af8eb42d56 -> 
========================================================================
Received Import Request.
  Time since last request: 125.508500 seconds.
  path: Assets/Carbie/Diffuse New.png
  artifactKey: Guid(c91539a49b4a6784dbf3cd17b8ef8311) Importer(815301076,1909f56bfc062723c751e8b465ee728b)
Start importing Assets/Carbie/Diffuse New.png using Guid(c91539a49b4a6784dbf3cd17b8ef8311) Importer(815301076,1909f56bfc062723c751e8b465ee728b)  -> (artifact id: '7dc0bdb7397558c04d1983ada6278d57') in 0.031254 seconds 
  Import took 0.034750 seconds .

========================================================================
Received Import Request.
  Time since last request: 5537.200929 seconds.
  path: Assets/Carbie/Carbie Overlay.mat
  artifactKey: Guid(f737bac930f6f824b8a5f83ce041a059) Importer(815301076,1909f56bfc062723c751e8b465ee728b)
Start importing Assets/Carbie/Carbie Overlay.mat using Guid(f737bac930f6f824b8a5f83ce041a059) Importer(815301076,1909f56bfc062723c751e8b465ee728b)  -> (artifact id: 'ba66d8c149e34387623e810b7f13a69b') in 0.127454 seconds 
  Import took 0.165522 seconds .

AssetImportWorkerClient::OnTransportError - code=2 error=End of file
