Using pre-set license
Built from '2020.3/staging' branch; Version is '2020.3.16f1 (049d6eca3c44) revision 302446'; Using compiler version '192528614'; Build Type 'Release'
OS: 'Windows 10 Pro; OS build 19043.1526; Version 2009; 64bit' Language: 'en' Physical Memory: 16336 MB
BatchMode: 1, IsHumanControllingUs: 0, StartBugReporterOnCrash: 0, Is64bit: 1, IsPro: 0

 COMMAND LINE ARGUMENTS:
D:\Unity Editors\2020.3.16f1\Editor\Unity.exe
-adb2
-batchMode
-noUpm
-name
AssetImportWorker0
-projectPath
D:/Unity Projects/Autumn's Quest
-logFile
Logs/AssetImportWorker0.log
-srvPort
57625
Successfully changed project path to: D:/Unity Projects/Autumn's Quest
D:/Unity Projects/Autumn's Quest
Using Asset Import Pipeline V2.
Refreshing native plugins compatible for Editor in 37.85 ms, found 2 plugins.
Preloading 0 native plugins for Editor in 0.00 ms.
Initialize engine version: 2020.3.16f1 (049d6eca3c44)
[Subsystems] Discovering subsystems at path D:/Unity Editors/2020.3.16f1/Editor/Data/Resources/UnitySubsystems
[Subsystems] Discovering subsystems at path D:/Unity Projects/Autumn's Quest/Assets
GfxDevice: creating device client; threaded=0
Direct3D:
    Version:  Direct3D 11.0 [level 11.1]
    Renderer: NVIDIA GeForce RTX 2070 SUPER (ID=0x1e84)
    Vendor:   
    VRAM:     8011 MB
    Driver:   30.0.14.7247
Initialize mono
Mono path[0] = 'D:/Unity Editors/2020.3.16f1/Editor/Data/Managed'
Mono path[1] = 'D:/Unity Editors/2020.3.16f1/Editor/Data/MonoBleedingEdge/lib/mono/unityjit'
Mono config path = 'D:/Unity Editors/2020.3.16f1/Editor/Data/MonoBleedingEdge/etc'
Using monoOptions --debugger-agent=transport=dt_socket,embedding=1,server=y,suspend=n,address=127.0.0.1:56020
Begin MonoManager ReloadAssembly
Registering precompiled unity dll's ...
Register platform support module: D:/Unity Editors/2020.3.16f1/Editor/Data/PlaybackEngines/WindowsStandaloneSupport/UnityEditor.WindowsStandalone.Extensions.dll
Registered in 0.001014 seconds.
Native extension for WindowsStandalone target not found
Refreshing native plugins compatible for Editor in 35.72 ms, found 2 plugins.
Preloading 0 native plugins for Editor in 0.00 ms.
Mono: successfully reloaded assembly
- Completed reload, in  2.020 seconds
Domain Reload Profiling:
	ReloadAssembly (2021ms)
		BeginReloadAssembly (55ms)
			ExecutionOrderSort (0ms)
			DisableScriptedObjects (0ms)
			BackupInstance (0ms)
			ReleaseScriptingObjects (0ms)
			CreateAndSetChildDomain (1ms)
		EndReloadAssembly (342ms)
			LoadAssemblies (55ms)
			RebuildTransferFunctionScriptingTraits (0ms)
			SetupTypeCache (124ms)
			ReleaseScriptCaches (0ms)
			RebuildScriptCaches (24ms)
			SetupLoadedEditorAssemblies (137ms)
				LogAssemblyErrors (0ms)
				InitializePlatformSupportModulesInManaged (3ms)
				SetLoadedEditorAssemblies (0ms)
				RefreshPlugins (36ms)
				BeforeProcessingInitializeOnLoad (13ms)
				ProcessInitializeOnLoadAttributes (62ms)
				ProcessInitializeOnLoadMethodAttributes (23ms)
				AfterProcessingInitializeOnLoad (0ms)
				EditorAssembliesLoaded (0ms)
			ExecutionOrderSort2 (0ms)
			AwakeInstancesAfterBackupRestoration (0ms)
Platform modules already initialized, skipping
Registering precompiled user dll's ...
Registered in 0.003380 seconds.
Begin MonoManager ReloadAssembly
Native extension for WindowsStandalone target not found
Refreshing native plugins compatible for Editor in 35.46 ms, found 2 plugins.
Preloading 0 native plugins for Editor in 0.00 ms.
Mono: successfully reloaded assembly
- Completed reload, in  1.008 seconds
Domain Reload Profiling:
	ReloadAssembly (1008ms)
		BeginReloadAssembly (138ms)
			ExecutionOrderSort (0ms)
			DisableScriptedObjects (4ms)
			BackupInstance (0ms)
			ReleaseScriptingObjects (0ms)
			CreateAndSetChildDomain (16ms)
		EndReloadAssembly (819ms)
			LoadAssemblies (96ms)
			RebuildTransferFunctionScriptingTraits (0ms)
			SetupTypeCache (243ms)
			ReleaseScriptCaches (1ms)
			RebuildScriptCaches (37ms)
			SetupLoadedEditorAssemblies (365ms)
				LogAssemblyErrors (0ms)
				InitializePlatformSupportModulesInManaged (3ms)
				SetLoadedEditorAssemblies (0ms)
				RefreshPlugins (36ms)
				BeforeProcessingInitializeOnLoad (61ms)
				ProcessInitializeOnLoadAttributes (260ms)
				ProcessInitializeOnLoadMethodAttributes (3ms)
				AfterProcessingInitializeOnLoad (2ms)
				EditorAssembliesLoaded (0ms)
			ExecutionOrderSort2 (0ms)
			AwakeInstancesAfterBackupRestoration (5ms)
Platform modules already initialized, skipping
========================================================================
Worker process is ready to serve import requests
Launched and connected shader compiler UnityShaderCompiler.exe after 0.03 seconds
Refreshing native plugins compatible for Editor in 0.53 ms, found 2 plugins.
Preloading 0 native plugins for Editor in 0.00 ms.
Unloading 2200 Unused Serialized files (Serialized files now loaded: 0)
System memory in use before: 89.9 MB.
System memory in use after: 90.0 MB.

Unloading 19 unused Assets to reduce memory usage. Loaded Objects now: 2636.
Total: 3.063500 ms (FindLiveObjects: 0.197100 ms CreateObjectMapping: 0.050000 ms MarkObjects: 2.745700 ms  DeleteObjects: 0.069400 ms)

AssetImportParameters requested are different than current active one (requested -> active):
  custom:framework-win-MediaFoundation: 216162199b28c13a410421893ffa2e32 -> 
  custom:video-decoder-ogg-theora: a1e56fd34408186e4bbccfd4996cb3dc -> 
  custom:container-muxer-webm: aa71ff27fc2769a1b78a27578f13a17b -> 
  custom:container-demuxer-webm: 4f35f7cbe854078d1ac9338744f61a02 -> 
  custom:container-demuxer-ogg: 62fdf1f143b41e24485cea50d1cbac27 -> 
  custom:video-encoder-webm-vp8: eb34c28f22e8b96e1ab97ce403110664 -> 
  custom:video-decoder-webm-vp8: 9c59270c3fd7afecdb556c50c9e8de78 -> 
  custom:audio-decoder-ogg-vorbis: bf7c407c2cedff20999df2af8eb42d56 -> 
  custom:audio-encoder-webm-vorbis: bf7c407c2cedff20999df2af8eb42d56 -> 
========================================================================
Received Import Request.
  path: Assets/Carbie/Diffuse 2.png
  artifactKey: Guid(5c4625d673282854896e8c7b0f1d585d) Importer(815301076,1909f56bfc062723c751e8b465ee728b)
Start importing Assets/Carbie/Diffuse 2.png using Guid(5c4625d673282854896e8c7b0f1d585d) Importer(815301076,1909f56bfc062723c751e8b465ee728b)  -> (artifact id: 'cb1dde46dfc79dd5b4cb1eb79b7f2608') in 0.047937 seconds 
  Import took 0.051368 seconds .

========================================================================
Received Import Request.
  Time since last request: 71.226314 seconds.
  path: Assets/Carbie/Diffuse 2.png
  artifactKey: Guid(5c4625d673282854896e8c7b0f1d585d) Importer(815301076,1909f56bfc062723c751e8b465ee728b)
Start importing Assets/Carbie/Diffuse 2.png using Guid(5c4625d673282854896e8c7b0f1d585d) Importer(815301076,1909f56bfc062723c751e8b465ee728b)  -> (artifact id: '30ff94d14d4c3c8c6130a4b0bcee904c') in 0.010756 seconds 
  Import took 0.014230 seconds .

========================================================================
Received Import Request.
  Time since last request: 51.492013 seconds.
  path: Assets/Carbie/Diffuse 2.png
  artifactKey: Guid(5c4625d673282854896e8c7b0f1d585d) Importer(815301076,1909f56bfc062723c751e8b465ee728b)
Start importing Assets/Carbie/Diffuse 2.png using Guid(5c4625d673282854896e8c7b0f1d585d) Importer(815301076,1909f56bfc062723c751e8b465ee728b)  -> (artifact id: 'e3242dbd385453c416e259a4d9ac22f9') in 0.011363 seconds 
  Import took 0.015401 seconds .

========================================================================
Received Import Request.
  Time since last request: 27.336645 seconds.
  path: Assets/Carbie/Diffuse 2.png
  artifactKey: Guid(5c4625d673282854896e8c7b0f1d585d) Importer(815301076,1909f56bfc062723c751e8b465ee728b)
Start importing Assets/Carbie/Diffuse 2.png using Guid(5c4625d673282854896e8c7b0f1d585d) Importer(815301076,1909f56bfc062723c751e8b465ee728b)  -> (artifact id: 'c405b471e6127393100790145bca042c') in 0.010173 seconds 
  Import took 0.014528 seconds .

========================================================================
Received Prepare
Registering precompiled user dll's ...
Registered in 0.003494 seconds.
Begin MonoManager ReloadAssembly
Native extension for WindowsStandalone target not found
Refreshing native plugins compatible for Editor in 0.47 ms, found 2 plugins.
Preloading 0 native plugins for Editor in 0.00 ms.
Mono: successfully reloaded assembly
- Completed reload, in  0.990 seconds
Domain Reload Profiling:
	ReloadAssembly (991ms)
		BeginReloadAssembly (113ms)
			ExecutionOrderSort (0ms)
			DisableScriptedObjects (5ms)
			BackupInstance (0ms)
			ReleaseScriptingObjects (0ms)
			CreateAndSetChildDomain (30ms)
		EndReloadAssembly (825ms)
			LoadAssemblies (92ms)
			RebuildTransferFunctionScriptingTraits (0ms)
			SetupTypeCache (256ms)
			ReleaseScriptCaches (1ms)
			RebuildScriptCaches (36ms)
			SetupLoadedEditorAssemblies (327ms)
				LogAssemblyErrors (0ms)
				InitializePlatformSupportModulesInManaged (4ms)
				SetLoadedEditorAssemblies (0ms)
				RefreshPlugins (1ms)
				BeforeProcessingInitializeOnLoad (69ms)
				ProcessInitializeOnLoadAttributes (247ms)
				ProcessInitializeOnLoadMethodAttributes (3ms)
				AfterProcessingInitializeOnLoad (2ms)
				EditorAssembliesLoaded (0ms)
			ExecutionOrderSort2 (0ms)
			AwakeInstancesAfterBackupRestoration (6ms)
Platform modules already initialized, skipping
Switching build target platform(19) subTarget(0) extendedPlatform(0) -> platform(13) subTarget(537395200) extendedPlatform(0)
Refreshing native plugins compatible for Editor in 0.44 ms, found 2 plugins.
Preloading 0 native plugins for Editor in 0.00 ms.
Unloading 2190 Unused Serialized files (Serialized files now loaded: 0)
System memory in use before: 88.9 MB.
System memory in use after: 89.0 MB.

Unloading 14 unused Assets to reduce memory usage. Loaded Objects now: 2640.
Total: 2.740000 ms (FindLiveObjects: 0.188500 ms CreateObjectMapping: 0.049200 ms MarkObjects: 2.486300 ms  DeleteObjects: 0.014900 ms)

AssetImportParameters requested are different than current active one (requested -> active):
  custom:framework-win-MediaFoundation: 216162199b28c13a410421893ffa2e32 -> 
  custom:video-decoder-ogg-theora: a1e56fd34408186e4bbccfd4996cb3dc -> 
  custom:container-muxer-webm: aa71ff27fc2769a1b78a27578f13a17b -> 
  custom:container-demuxer-webm: 4f35f7cbe854078d1ac9338744f61a02 -> 
  custom:container-demuxer-ogg: 62fdf1f143b41e24485cea50d1cbac27 -> 
  custom:video-encoder-webm-vp8: eb34c28f22e8b96e1ab97ce403110664 -> 
  custom:video-decoder-webm-vp8: 9c59270c3fd7afecdb556c50c9e8de78 -> 
  custom:graphics/normal-map-encoding: 01000000000000000000000000000000 -> 02000000000000000000000000000000
  custom:audio-decoder-ogg-vorbis: bf7c407c2cedff20999df2af8eb42d56 -> 
  custom:audio-encoder-webm-vorbis: bf7c407c2cedff20999df2af8eb42d56 -> 
========================================================================
Received Import Request.
  Time since last request: 261.149048 seconds.
  path: Assets/Carbie/Diffuse 50.png
  artifactKey: Guid(573f5261f33e2f941aeaaa6042f12f27) Importer(815301076,1909f56bfc062723c751e8b465ee728b)
Start importing Assets/Carbie/Diffuse 50.png using Guid(573f5261f33e2f941aeaaa6042f12f27) Importer(815301076,1909f56bfc062723c751e8b465ee728b)  -> (artifact id: 'cbc77fea8b6b3f0b65dafe2e058bd5fa') in 0.035588 seconds 
  Import took 0.039293 seconds .

========================================================================
Received Import Request.
  Time since last request: 0.000231 seconds.
  path: Assets/Carbie/Diffuse 60.png
  artifactKey: Guid(83b7e4dfeaf25a847b570a19382e5e3a) Importer(815301076,1909f56bfc062723c751e8b465ee728b)
Start importing Assets/Carbie/Diffuse 60.png using Guid(83b7e4dfeaf25a847b570a19382e5e3a) Importer(815301076,1909f56bfc062723c751e8b465ee728b)  -> (artifact id: 'd639053f0fde804d89a0421bbc02ed0a') in 0.006775 seconds 
  Import took 0.009995 seconds .

========================================================================
Received Import Request.
  Time since last request: 0.000227 seconds.
  path: Assets/Carbie/Diffuse 70.png
  artifactKey: Guid(8513b061046754a4e804b695826066cc) Importer(815301076,1909f56bfc062723c751e8b465ee728b)
Start importing Assets/Carbie/Diffuse 70.png using Guid(8513b061046754a4e804b695826066cc) Importer(815301076,1909f56bfc062723c751e8b465ee728b)  -> (artifact id: 'aa4009c6196c87c2f677f1f498153bbe') in 0.006971 seconds 
  Import took 0.010219 seconds .

========================================================================
Received Import Request.
  Time since last request: 0.000182 seconds.
  path: Assets/Carbie/Diffuse 90.png
  artifactKey: Guid(c763fe5fc9e2c9c49b9d931728d8aea0) Importer(815301076,1909f56bfc062723c751e8b465ee728b)
Start importing Assets/Carbie/Diffuse 90.png using Guid(c763fe5fc9e2c9c49b9d931728d8aea0) Importer(815301076,1909f56bfc062723c751e8b465ee728b)  -> (artifact id: '074b700e019602f3c87a64b9bb1e9d75') in 0.011985 seconds 
  Import took 0.015654 seconds .

========================================================================
Received Import Request.
  Time since last request: 0.000198 seconds.
  path: Assets/Carbie/Diffuse 80.png
  artifactKey: Guid(cd403b9179ff2bb4eb7841d698450a78) Importer(815301076,1909f56bfc062723c751e8b465ee728b)
Start importing Assets/Carbie/Diffuse 80.png using Guid(cd403b9179ff2bb4eb7841d698450a78) Importer(815301076,1909f56bfc062723c751e8b465ee728b)  -> (artifact id: '1f94d268c91acf19ceb5b9f445ab0333') in 0.010482 seconds 
  Import took 0.013974 seconds .

========================================================================
Received Import Request.
  Time since last request: 283.082723 seconds.
  path: Assets/Carbie/Carbie Overlay.mat
  artifactKey: Guid(f737bac930f6f824b8a5f83ce041a059) Importer(815301076,1909f56bfc062723c751e8b465ee728b)
Start importing Assets/Carbie/Carbie Overlay.mat using Guid(f737bac930f6f824b8a5f83ce041a059) Importer(815301076,1909f56bfc062723c751e8b465ee728b)  -> (artifact id: '49372542f4a9609ddca72cb7fad7f2ac') in 0.178434 seconds 
  Import took 0.182254 seconds .

========================================================================
Received Import Request.
  Time since last request: 120.856808 seconds.
  path: Assets/Carbie/Extra Materials/Carbie 2.mat
  artifactKey: Guid(66db79092d0fd104387588e7130fac98) Importer(815301076,1909f56bfc062723c751e8b465ee728b)
Start importing Assets/Carbie/Extra Materials/Carbie 2.mat using Guid(66db79092d0fd104387588e7130fac98) Importer(815301076,1909f56bfc062723c751e8b465ee728b)  -> (artifact id: 'f4479e138f97d5cf4bb9d47cf4cab241') in 0.014989 seconds 
  Import took 0.018699 seconds .

========================================================================
Received Import Request.
  Time since last request: 0.000209 seconds.
  path: Assets/Carbie/Extra Materials/Carbie 3.mat
  artifactKey: Guid(74ad41bd2153f644298f2d5f64b0785f) Importer(815301076,1909f56bfc062723c751e8b465ee728b)
Start importing Assets/Carbie/Extra Materials/Carbie 3.mat using Guid(74ad41bd2153f644298f2d5f64b0785f) Importer(815301076,1909f56bfc062723c751e8b465ee728b)  -> (artifact id: 'aa5011cde5163e28fda6f373d283819a') in 0.014475 seconds 
  Import took 0.017964 seconds .

========================================================================
Received Import Request.
  Time since last request: 0.000376 seconds.
  path: Assets/Carbie/Extra Materials/Carbie 6.mat
  artifactKey: Guid(c55048469ba4a08438ffbbe4ce7a7974) Importer(815301076,1909f56bfc062723c751e8b465ee728b)
Start importing Assets/Carbie/Extra Materials/Carbie 6.mat using Guid(c55048469ba4a08438ffbbe4ce7a7974) Importer(815301076,1909f56bfc062723c751e8b465ee728b)  -> (artifact id: '85d444a46c17463559c665d8ffbc061b') in 0.013428 seconds 
  Import took 0.016771 seconds .

========================================================================
Received Import Request.
  Time since last request: 0.000200 seconds.
  path: Assets/Carbie/Extra Materials/Carbie 4.mat
  artifactKey: Guid(709c66a940ed98a40b6315b4da11e69c) Importer(815301076,1909f56bfc062723c751e8b465ee728b)
Start importing Assets/Carbie/Extra Materials/Carbie 4.mat using Guid(709c66a940ed98a40b6315b4da11e69c) Importer(815301076,1909f56bfc062723c751e8b465ee728b)  -> (artifact id: 'bb5708010e09551546f6401d8d2c05f7') in 0.013553 seconds 
  Import took 0.016772 seconds .

========================================================================
Received Import Request.
  Time since last request: 0.000217 seconds.
  path: Assets/Carbie/Extra Materials/Carbie 5.mat
  artifactKey: Guid(7fc0521db43984c409370d1d15a661e6) Importer(815301076,1909f56bfc062723c751e8b465ee728b)
Start importing Assets/Carbie/Extra Materials/Carbie 5.mat using Guid(7fc0521db43984c409370d1d15a661e6) Importer(815301076,1909f56bfc062723c751e8b465ee728b)  -> (artifact id: '1e5add454318a44e63d6b0f2fb7cb872') in 0.013713 seconds 
  Import took 0.017213 seconds .

========================================================================
Received Import Request.
  Time since last request: 16.977088 seconds.
  path: Assets/Carbie/Carbie.mat
  artifactKey: Guid(f737bac930f6f824b8a5f83ce041a059) Importer(815301076,1909f56bfc062723c751e8b465ee728b)
Start importing Assets/Carbie/Carbie.mat using Guid(f737bac930f6f824b8a5f83ce041a059) Importer(815301076,1909f56bfc062723c751e8b465ee728b)  -> (artifact id: 'da78e9e2b5081dc48ad032f3faabc2ca') in 0.013758 seconds 
  Import took 0.017424 seconds .

========================================================================
Received Prepare
Registering precompiled user dll's ...
Registered in 0.003371 seconds.
Begin MonoManager ReloadAssembly
Native extension for WindowsStandalone target not found
Refreshing native plugins compatible for Editor in 0.43 ms, found 2 plugins.
Preloading 0 native plugins for Editor in 0.00 ms.
Mono: successfully reloaded assembly
- Completed reload, in  0.893 seconds
Domain Reload Profiling:
	ReloadAssembly (894ms)
		BeginReloadAssembly (109ms)
			ExecutionOrderSort (0ms)
			DisableScriptedObjects (3ms)
			BackupInstance (0ms)
			ReleaseScriptingObjects (0ms)
			CreateAndSetChildDomain (28ms)
		EndReloadAssembly (736ms)
			LoadAssemblies (85ms)
			RebuildTransferFunctionScriptingTraits (0ms)
			SetupTypeCache (238ms)
			ReleaseScriptCaches (1ms)
			RebuildScriptCaches (34ms)
			SetupLoadedEditorAssemblies (310ms)
				LogAssemblyErrors (0ms)
				InitializePlatformSupportModulesInManaged (4ms)
				SetLoadedEditorAssemblies (0ms)
				RefreshPlugins (0ms)
				BeforeProcessingInitializeOnLoad (62ms)
				ProcessInitializeOnLoadAttributes (238ms)
				ProcessInitializeOnLoadMethodAttributes (3ms)
				AfterProcessingInitializeOnLoad (2ms)
				EditorAssembliesLoaded (0ms)
			ExecutionOrderSort2 (0ms)
			AwakeInstancesAfterBackupRestoration (5ms)
Platform modules already initialized, skipping
Switching build target platform(19) subTarget(0) extendedPlatform(0) -> platform(13) subTarget(537395200) extendedPlatform(0)
Refreshing native plugins compatible for Editor in 0.43 ms, found 2 plugins.
Preloading 0 native plugins for Editor in 0.00 ms.
Unloading 2190 Unused Serialized files (Serialized files now loaded: 0)
System memory in use before: 92.2 MB.
System memory in use after: 92.3 MB.

Unloading 14 unused Assets to reduce memory usage. Loaded Objects now: 2682.
Total: 3.027300 ms (FindLiveObjects: 0.199200 ms CreateObjectMapping: 0.055400 ms MarkObjects: 2.753300 ms  DeleteObjects: 0.018100 ms)

AssetImportParameters requested are different than current active one (requested -> active):
  custom:framework-win-MediaFoundation: 216162199b28c13a410421893ffa2e32 -> 
  custom:video-decoder-ogg-theora: a1e56fd34408186e4bbccfd4996cb3dc -> 
  custom:container-muxer-webm: aa71ff27fc2769a1b78a27578f13a17b -> 
  custom:container-demuxer-webm: 4f35f7cbe854078d1ac9338744f61a02 -> 
  custom:container-demuxer-ogg: 62fdf1f143b41e24485cea50d1cbac27 -> 
  custom:video-encoder-webm-vp8: eb34c28f22e8b96e1ab97ce403110664 -> 
  custom:video-decoder-webm-vp8: 9c59270c3fd7afecdb556c50c9e8de78 -> 
  custom:graphics/normal-map-encoding: 01000000000000000000000000000000 -> 02000000000000000000000000000000
  custom:audio-decoder-ogg-vorbis: bf7c407c2cedff20999df2af8eb42d56 -> 
  custom:audio-encoder-webm-vorbis: bf7c407c2cedff20999df2af8eb42d56 -> 
========================================================================
Received Import Request.
  Time since last request: 120.246882 seconds.
  path: Assets/Carbie/Carbie.mat
  artifactKey: Guid(f737bac930f6f824b8a5f83ce041a059) Importer(815301076,1909f56bfc062723c751e8b465ee728b)
Start importing Assets/Carbie/Carbie.mat using Guid(f737bac930f6f824b8a5f83ce041a059) Importer(815301076,1909f56bfc062723c751e8b465ee728b)  -> (artifact id: 'd3e528cc55de16f7d0a92544d10c6fca') in 0.051434 seconds 
  Import took 0.056849 seconds .

========================================================================
Received Prepare
Registering precompiled user dll's ...
Registered in 0.003465 seconds.
Begin MonoManager ReloadAssembly
Native extension for WindowsStandalone target not found
Refreshing native plugins compatible for Editor in 0.44 ms, found 2 plugins.
Preloading 0 native plugins for Editor in 0.00 ms.
Mono: successfully reloaded assembly
- Completed reload, in  0.880 seconds
Domain Reload Profiling:
	ReloadAssembly (880ms)
		BeginReloadAssembly (106ms)
			ExecutionOrderSort (0ms)
			DisableScriptedObjects (3ms)
			BackupInstance (0ms)
			ReleaseScriptingObjects (0ms)
			CreateAndSetChildDomain (28ms)
		EndReloadAssembly (726ms)
			LoadAssemblies (87ms)
			RebuildTransferFunctionScriptingTraits (0ms)
			SetupTypeCache (235ms)
			ReleaseScriptCaches (1ms)
			RebuildScriptCaches (33ms)
			SetupLoadedEditorAssemblies (301ms)
				LogAssemblyErrors (0ms)
				InitializePlatformSupportModulesInManaged (4ms)
				SetLoadedEditorAssemblies (0ms)
				RefreshPlugins (0ms)
				BeforeProcessingInitializeOnLoad (62ms)
				ProcessInitializeOnLoadAttributes (229ms)
				ProcessInitializeOnLoadMethodAttributes (3ms)
				AfterProcessingInitializeOnLoad (2ms)
				EditorAssembliesLoaded (0ms)
			ExecutionOrderSort2 (0ms)
			AwakeInstancesAfterBackupRestoration (5ms)
Platform modules already initialized, skipping
Switching build target platform(19) subTarget(0) extendedPlatform(0) -> platform(13) subTarget(537395200) extendedPlatform(0)
Refreshing native plugins compatible for Editor in 0.45 ms, found 2 plugins.
Preloading 0 native plugins for Editor in 0.00 ms.
Unloading 2190 Unused Serialized files (Serialized files now loaded: 0)
System memory in use before: 92.2 MB.
System memory in use after: 92.3 MB.

Unloading 14 unused Assets to reduce memory usage. Loaded Objects now: 2685.
Total: 2.913600 ms (FindLiveObjects: 0.229100 ms CreateObjectMapping: 0.057200 ms MarkObjects: 2.607800 ms  DeleteObjects: 0.018400 ms)

AssetImportParameters requested are different than current active one (requested -> active):
  custom:framework-win-MediaFoundation: 216162199b28c13a410421893ffa2e32 -> 
  custom:video-decoder-ogg-theora: a1e56fd34408186e4bbccfd4996cb3dc -> 
  custom:container-muxer-webm: aa71ff27fc2769a1b78a27578f13a17b -> 
  custom:container-demuxer-webm: 4f35f7cbe854078d1ac9338744f61a02 -> 
  custom:container-demuxer-ogg: 62fdf1f143b41e24485cea50d1cbac27 -> 
  custom:video-encoder-webm-vp8: eb34c28f22e8b96e1ab97ce403110664 -> 
  custom:video-decoder-webm-vp8: 9c59270c3fd7afecdb556c50c9e8de78 -> 
  custom:graphics/normal-map-encoding: 01000000000000000000000000000000 -> 02000000000000000000000000000000
  custom:audio-decoder-ogg-vorbis: bf7c407c2cedff20999df2af8eb42d56 -> 
  custom:audio-encoder-webm-vorbis: bf7c407c2cedff20999df2af8eb42d56 -> 
